<?xml version="1.0" encoding="UTF-8"?>
<!-- Generated by org.testng.reporters.JUnitXMLReporter -->
<testsuite ignored="0" hostname="1_2_TASTE" failures="0" tests="3" name="Default test(failed)" time="0.458" errors="0" timestamp="2024-06-04T10:45:44 IST">
  <testcase classname="taste.TestBase.BaseClass" name="@BeforeClass name" time="-1.717478143944E9">
    <failure type="org.testng.TestNGException" message="
Parameter &amp;apos;browser&amp;apos; is required by BeforeClass on method name but has not been marked @Optional or defined
in C:\Users\sures\eclipse-workspace\Taste\test-output\Default suite\testng-failed.xml">
      <![CDATA[org.testng.TestNGException: 
Parameter 'browser' is required by BeforeClass on method name but has not been marked @Optional or defined
in C:\Users\sures\eclipse-workspace\Taste\test-output\Default suite\testng-failed.xml
at java.base/java.util.ArrayList.forEach(ArrayList.java:1596)
... Removed 22 stack frames]]>
    </failure>
  </testcase> <!-- @BeforeClass name -->
  <testcase classname="taste.TestBase.BaseClass" name="@BeforeMethod be4method" time="-1.717478143957E9">
    <skipped/>
  </testcase> <!-- @BeforeMethod be4method -->
  <testcase classname="taste.TestBase.BaseClass" name="@AfterMethod afterMethod" time="-1.717478143962E9">
    <skipped/>
  </testcase> <!-- @AfterMethod afterMethod -->
  <testcase classname="taste.TestBase.BaseClass" name="@BeforeMethod be4method" time="-1.717478143965E9">
    <skipped/>
  </testcase> <!-- @BeforeMethod be4method -->
  <testcase classname="taste.TestBase.BaseClass" name="@AfterMethod afterMethod" time="-1.717478143969E9">
    <skipped/>
  </testcase> <!-- @AfterMethod afterMethod -->
  <testcase classname="taste.TestBase.BaseClass" name="@BeforeMethod be4method" time="-1.717478143971E9">
    <skipped/>
  </testcase> <!-- @BeforeMethod be4method -->
  <testcase classname="taste.TestBase.BaseClass" name="@AfterMethod afterMethod" time="-1.717478143974E9">
    <skipped/>
  </testcase> <!-- @AfterMethod afterMethod -->
  <testcase classname="taste.Runner.HomePageTest" name="HomePageTest" time="0.0">
    <skipped/>
  </testcase> <!-- HomePageTest -->
  <testcase classname="taste.Runner.HomePageTest" name="LogpageTest" time="0.0">
    <skipped/>
  </testcase> <!-- LogpageTest -->
  <testcase classname="taste.Runner.HomePageTest" name="ProductpageTest" time="0.0">
    <skipped/>
  </testcase> <!-- ProductpageTest -->
</testsuite> <!-- Default test(failed) -->
